android/app/build/outputs/mapping/release/seeds.txt
com.app.upfrica.MainActivity
com.app.upfrica.MainApplication
com.app.upfrica.MainApplication: MainApplication()
com.app.upfrica.MainActivity: MainActivity()
...
com.stripe.android.financialconnections.launcher.FinancialConnectionsSheetNativeActivityArgs: android.os.Parcelable$Creator CREATOR
com.swmansion.reanimated.R$dimen: int abc_dialog_fixed_height_minor
com.horcrux.svg.R$style: int RtlOverlay_Widget_AppCompat_PopupMenuItem_Shortcut
com.swmansion.reanimated.R$attr: int alertDialogButtonGroupStyle
com.stripe.android.financialconnections.features.consent.ConsentViewModel: com.stripe.android.financialconnections.features.consent.ConsentViewModel$Companion Companion
com.swmansion.reanimated.R$id: int autofill_inline_suggestion_subtitle
com.horcrux.svg.R$attr: int arrowShaftLength
com.stripe.android.uicore.address.FieldType: com.stripe.android.uicore.address.FieldType$Companion Companion
com.stripe.android.financialconnections.model.FinancialConnectionsAccount$Permissions: com.stripe.android.financialconnections.model.FinancialConnectionsAccount$Permissions OWNERSHIP
com.google.crypto.tink.proto.AesCtrParams: com.google.crypto.tink.shaded.protobuf.Parser PARSER
com.horcrux.svg.R$layout: int select_dialog_singlechoice_material
com.facebook.react.animated.NativeAnimatedModule: boolean mBatchingControlledByJS
com.google.android.gms.wallet.wobs.TimeInterval: android.os.Parcelable$Creator CREATOR
com.facebook.react.bridge.ReactContext: java.util.concurrent.CopyOnWriteArraySet mActivityEventListeners
com.swmansion.reanimated.R$styleable: int AlertDialog_listLayout
com.horcrux.svg.R$drawable: int abc_tab_indicator_mtrl_alpha
com.horcrux.svg.R$attr: int titleMarginEnd
com.swmansion.reanimated.layoutReanimation.Snapshot: java.util.ArrayList currentKeysToTransform
com.swmansion.reanimated.R$id: int buttonPanel
com.facebook.react.views.textinput.ReactTextInputManager: java.lang.String[] DRAWABLE_FIELDS
com.swmansion.reanimated.R$styleable: int ActionBar_logo
com.stripe.android.model.SourceParams$ApiParams: android.os.Parcelable$Creator CREATOR
com.facebook.react.bridge.NativeModuleRegistry: java.lang.String TAG
com.swmansion.reanimated.R$styleable: int SimpleDraweeView_retryImage
com.swmansion.reanimated.R$attr: int roundTopStart
kotlinx.coroutines.internal.LockFreeLinkedListNode$RemoveFirstDesc: java.lang.Object _affectedNode
com.swmansion.reanimated.R$attr: int buttonStyleSmall
com.swmansion.reanimated.R$bool: int abc_config_actionMenuItemAllCaps
com.swmansion.reanimated.R$string: int abc_menu_shift_shortcut_label
com.stripe.android.financialconnections.model.FinancialConnectionsAccount$Category: kotlin.Lazy $cachedSerializer$delegate
com.horcrux.svg.R$style: int TextAppearance_AppCompat_Widget_ActionBar_Subtitle
com.swmansion.reanimated.R$attr: int dropdownListPreferredItemHeight
com.swmansion.reanimated.R$style: int TextAppearance_AppCompat_Display1
com.horcrux.svg.R$styleable: int SearchView_searchIcon
com.horcrux.svg.R$styleable: int AlertDialog_showTitle
com.swmansion.reanimated.R$styleable: int SearchView_headerLayout
com.google.android.gms.internal.location.zzh: android.os.Parcelable$Creator CREATOR
com.swmansion.reanimated.R$dimen: int hint_alpha_material_light
com.horcrux.svg.R$styleable: int Toolbar_title
com.horcrux.svg.R$dimen: int abc_config_prefDialogWidth
com.swmansion.reanimated.R$style: int Widget_AppCompat_Light_ActivityChooserView
com.horcrux.svg.R$styleable: int Toolbar_navigationIcon
com.stripe.android.model.ConfirmPaymentIntentParams: android.os.Parcelable$Creator CREATOR
com.stripe.android.financialconnections.features.linkstepupverification.LinkStepUpVerificationViewModel: com.stripe.android.financialconnections.features.linkstepupverification.LinkStepUpVerificationViewModel$Companion Companion
com.horcrux.svg.R$id: int action_mode_close_button
com.swmansion.reanimated.R$style: int Widget_AppCompat_TextView
com.swmansion.reanimated.R$styleable: int GenericDraweeHierarchy_roundedCornerRadius
com.swmansion.gesturehandler.react.RNGestureHandlerModule: java.lang.String KEY_HIT_SLOP_LEFT
com.swmansion.reanimated.R$attr: int titleTextStyle